# JRE version: OpenJDK Runtime Environment 18.9 (11.0.11+9) (build 11.0.11+9)
# Java VM: OpenJDK 64-Bit Server VM 18.9 (11.0.11+9, mixed mode, tiered, compressed oops, g1 gc, windows-amd64)
Heap:
 garbage-first heap   total 480256K, used 307727K [0x0000000740000000, 0x0000000800000000)
  region size 1024K, 22 young (22528K), 4 survivors (4096K)
 Metaspace       used 120920K, capacity 122618K, committed 127108K, reserved 1159168K
  class space    used 15912K, capacity 16603K, committed 18176K, reserved 1048576K
GC Heap History (20 events):
Event: 5147.329 GC heap before
{Heap before GC invocations=1879 (full 748):
 garbage-first heap   total 480256K, used 345272K [0x0000000740000000, 0x0000000800000000)
  region size 1024K, 60 young (61440K), 3 survivors (3072K)
 Metaspace       used 120899K, capacity 122617K, committed 127108K, reserved 1159168K
  class space    used 15912K, capacity 16603K, committed 18176K, reserved 1048576K
}
Event: 5147.331 GC heap after
{Heap after GC invocations=1880 (full 748):
 garbage-first heap   total 480256K, used 286922K [0x0000000740000000, 0x0000000800000000)
  region size 1024K, 1 young (1024K), 1 survivors (1024K)
 Metaspace       used 120899K, capacity 122617K, committed 127108K, reserved 1159168K
  class space    used 15912K, capacity 16603K, committed 18176K, reserved 1048576K
}
Event: 5147.522 GC heap before
{Heap before GC invocations=1880 (full 748):
 garbage-first heap   total 480256K, used 347338K [0x0000000740000000, 0x0000000800000000)
  region size 1024K, 60 young (61440K), 1 survivors (1024K)
 Metaspace       used 120899K, capacity 122617K, committed 127108K, reserved 1159168K
  class space    used 15912K, capacity 16603K, committed 18176K, reserved 1048576K
}
Event: 5147.523 GC heap after
{Heap after GC invocations=1881 (full 748):
 garbage-first heap   total 480256K, used 286996K [0x0000000740000000, 0x0000000800000000)
  region size 1024K, 1 young (1024K), 1 survivors (1024K)
 Metaspace       used 120899K, capacity 122617K, committed 127108K, reserved 1159168K
  class space    used 15912K, capacity 16603K, committed 18176K, reserved 1048576K
}
Event: 5147.700 GC heap before
{Heap before GC invocations=1881 (full 748):
 garbage-first heap   total 480256K, used 347412K [0x0000000740000000, 0x0000000800000000)
  region size 1024K, 60 young (61440K), 1 survivors (1024K)
 Metaspace       used 120899K, capacity 122617K, committed 127108K, reserved 1159168K
  class space    used 15912K, capacity 16603K, committed 18176K, reserved 1048576K
}
Event: 5147.701 GC heap after
{Heap after GC invocations=1882 (full 748):
 garbage-first heap   total 480256K, used 287001K [0x0000000740000000, 0x0000000800000000)
  region size 1024K, 1 young (1024K), 1 survivors (1024K)
 Metaspace       used 120899K, capacity 122617K, committed 127108K, reserved 1159168K
  class space    used 15912K, capacity 16603K, committed 18176K, reserved 1048576K
}
Event: 5147.986 GC heap before
{Heap before GC invocations=1882 (full 748):
 garbage-first heap   total 480256K, used 347417K [0x0000000740000000, 0x0000000800000000)
  region size 1024K, 60 young (61440K), 1 survivors (1024K)
 Metaspace       used 120899K, capacity 122617K, committed 127108K, reserved 1159168K
  class space    used 15912K, capacity 16603K, committed 18176K, reserved 1048576K
}
Event: 5147.987 GC heap after
{Heap after GC invocations=1883 (full 748):
 garbage-first heap   total 480256K, used 287037K [0x0000000740000000, 0x0000000800000000)
  region size 1024K, 1 young (1024K), 1 survivors (1024K)
 Metaspace       used 120899K, capacity 122617K, committed 127108K, reserved 1159168K
  class space    used 15912K, capacity 16603K, committed 18176K, reserved 1048576K
}
Event: 5148.196 GC heap before
{Heap before GC invocations=1883 (full 748):
 garbage-first heap   total 480256K, used 347453K [0x0000000740000000, 0x0000000800000000)
  region size 1024K, 60 young (61440K), 1 survivors (1024K)
 Metaspace       used 120899K, capacity 122617K, committed 127108K, reserved 1159168K
  class space    used 15912K, capacity 16603K, committed 18176K, reserved 1048576K
}
Event: 5148.197 GC heap after
{Heap after GC invocations=1884 (full 748):
 garbage-first heap   total 480256K, used 287088K [0x0000000740000000, 0x0000000800000000)
  region size 1024K, 1 young (1024K), 1 survivors (1024K)
 Metaspace       used 120899K, capacity 122617K, committed 127108K, reserved 1159168K
  class space    used 15912K, capacity 16603K, committed 18176K, reserved 1048576K
}
Event: 5148.322 GC heap before
{Heap before GC invocations=1884 (full 748):
 garbage-first heap   total 480256K, used 347504K [0x0000000740000000, 0x0000000800000000)
  region size 1024K, 60 young (61440K), 1 survivors (1024K)
 Metaspace       used 120900K, capacity 122617K, committed 127108K, reserved 1159168K
  class space    used 15912K, capacity 16603K, committed 18176K, reserved 1048576K
}
Event: 5148.323 GC heap after
{Heap after GC invocations=1885 (full 748):
 garbage-first heap   total 480256K, used 287879K [0x0000000740000000, 0x0000000800000000)
  region size 1024K, 2 young (2048K), 2 survivors (2048K)
 Metaspace       used 120900K, capacity 122617K, committed 127108K, reserved 1159168K
  class space    used 15912K, capacity 16603K, committed 18176K, reserved 1048576K
}
Event: 5148.492 GC heap before
{Heap before GC invocations=1885 (full 748):
 garbage-first heap   total 480256K, used 347271K [0x0000000740000000, 0x0000000800000000)
  region size 1024K, 60 young (61440K), 2 survivors (2048K)
 Metaspace       used 120900K, capacity 122617K, committed 127108K, reserved 1159168K
  class space    used 15912K, capacity 16603K, committed 18176K, reserved 1048576K
}
Event: 5148.493 GC heap after
{Heap after GC invocations=1886 (full 748):
 garbage-first heap   total 480256K, used 287280K [0x0000000740000000, 0x0000000800000000)
  region size 1024K, 1 young (1024K), 1 survivors (1024K)
 Metaspace       used 120900K, capacity 122617K, committed 127108K, reserved 1159168K
  class space    used 15912K, capacity 16603K, committed 18176K, reserved 1048576K
}
Event: 5148.860 GC heap before
{Heap before GC invocations=1886 (full 748):
 garbage-first heap   total 480256K, used 347696K [0x0000000740000000, 0x0000000800000000)
  region size 1024K, 60 young (61440K), 1 survivors (1024K)
 Metaspace       used 120908K, capacity 122618K, committed 127108K, reserved 1159168K
  class space    used 15912K, capacity 16603K, committed 18176K, reserved 1048576K
}
Event: 5148.861 GC heap after
{Heap after GC invocations=1887 (full 748):
 garbage-first heap   total 480256K, used 288986K [0x0000000740000000, 0x0000000800000000)
  region size 1024K, 3 young (3072K), 3 survivors (3072K)
 Metaspace       used 120908K, capacity 122618K, committed 127108K, reserved 1159168K
  class space    used 15912K, capacity 16603K, committed 18176K, reserved 1048576K
}
Event: 5150.364 GC heap before
{Heap before GC invocations=1887 (full 748):
 garbage-first heap   total 480256K, used 347354K [0x0000000740000000, 0x0000000800000000)
  region size 1024K, 60 young (61440K), 3 survivors (3072K)
 Metaspace       used 120916K, capacity 122618K, committed 127108K, reserved 1159168K
  class space    used 15912K, capacity 16603K, committed 18176K, reserved 1048576K
}
Event: 5150.366 GC heap after
{Heap after GC invocations=1888 (full 748):
 garbage-first heap   total 480256K, used 289997K [0x0000000740000000, 0x0000000800000000)
  region size 1024K, 4 young (4096K), 4 survivors (4096K)
 Metaspace       used 120916K, capacity 122618K, committed 127108K, reserved 1159168K
  class space    used 15912K, capacity 16603K, committed 18176K, reserved 1048576K
}
Event: 5151.302 GC heap before
{Heap before GC invocations=1888 (full 748):
 garbage-first heap   total 480256K, used 347341K [0x0000000740000000, 0x0000000800000000)
  region size 1024K, 60 young (61440K), 4 survivors (4096K)
 Metaspace       used 120920K, capacity 122618K, committed 127108K, reserved 1159168K
  class space    used 15912K, capacity 16603K, committed 18176K, reserved 1048576K
}
Event: 5151.303 GC heap after
{Heap after GC invocations=1889 (full 748):
 garbage-first heap   total 480256K, used 290319K [0x0000000740000000, 0x0000000800000000)
  region size 1024K, 4 young (4096K), 4 survivors (4096K)
 Metaspace       used 120920K, capacity 122618K, committed 127108K, reserved 1159168K
  class space    used 15912K, capacity 16603K, committed 18176K, reserved 1048576K
}

